{
  "stats": {
    "suites": 2,
    "tests": 5,
    "passes": 4,
    "pending": 0,
    "failures": 1,
    "start": "2026-02-24T11:25:06.516Z",
    "end": "2026-02-24T11:25:13.887Z",
    "duration": 7371,
    "testsRegistered": 5,
    "passPercent": 80,
    "pendingPercent": 0,
    "other": 0,
    "hasOther": false,
    "skipped": 0,
    "hasSkipped": false
  },
  "results": [
    {
      "uuid": "0a2aed7a-646f-48d1-9e52-1668a002a2d2",
      "title": "",
      "fullFile": "cypress\\e2e\\2-advanced-examples\\misc.cy.js",
      "file": "cypress\\e2e\\2-advanced-examples\\misc.cy.js",
      "beforeHooks": [],
      "afterHooks": [],
      "tests": [],
      "suites": [
        {
          "uuid": "089d5f9e-7010-4607-8fb4-609e1fb4bbc9",
          "title": "Misc",
          "fullFile": "",
          "file": "",
          "beforeHooks": [],
          "afterHooks": [],
          "tests": [
            {
              "title": "cy.exec() - execute a system command",
              "fullTitle": "Misc cy.exec() - execute a system command",
              "timedOut": null,
              "duration": 1570,
              "state": "failed",
              "speed": null,
              "pass": false,
              "fail": true,
              "pending": false,
              "context": null,
              "code": "// execute a system command.\n// so you can take actions necessary for\n// your test outside the scope of Cypress.\n// https://on.cypress.io/exec\n// we can use Cypress.platform string to\n// select appropriate command\n// https://on.cypress/io/platform\ncy.log(`Platform ${Cypress.platform} architecture ${Cypress.arch}`);\n// on CircleCI Windows build machines we have a failure to run bash shell\n// https://github.com/cypress-io/cypress/issues/5169\n// so skip some of the tests by passing flag \"--env circle=true\"\nconst isCircleOnWindows = Cypress.platform === 'win32' && Cypress.env('circle');\nif (isCircleOnWindows) {\n  cy.log('Skipping test on CircleCI');\n  return;\n}\n// cy.exec problem on Shippable CI\n// https://github.com/cypress-io/cypress/issues/6718\nconst isShippable = Cypress.platform === 'linux' && Cypress.env('shippable');\nif (isShippable) {\n  cy.log('Skipping test on ShippableCI');\n  return;\n}\ncy.exec('echo Jane Lane').its('stdout').should('contain', 'Jane Lane');\nif (Cypress.platform === 'win32') {\n  cy.exec(`print ${Cypress.config('configFile')}`).its('stderr').should('be.empty');\n} else {\n  cy.exec(`cat ${Cypress.config('configFile')}`).its('stderr').should('be.empty');\n  cy.log(`Cypress version ${Cypress.version}`);\n  if (Cypress.version.split('.').map(Number)[0] < 15) {\n    cy.exec('pwd').its('code').should('eq', 0);\n  } else {\n    cy.exec('pwd').its('exitCode').should('eq', 0);\n  }\n}",
              "err": {
                "message": "CypressError: `Cypress.env()` does not work when `allowCypressEnv` is set to `false`. Please migrate to `cy.env()` or leverage other stateful methods to manage variables. The variable being accessed was: `circle`\n\nhttps://on.cypress.io/cypress-env-migration",
                "estack": "CypressError: `Cypress.env()` does not work when `allowCypressEnv` is set to `false`. Please migrate to `cy.env()` or leverage other stateful methods to manage variables. The variable being accessed was: `circle`\n\nhttps://on.cypress.io/cypress-env-migration\n    at cypressErr (https://example.cypress.io/__cypress/runner/cypress_runner.js:78300:18)\n    at Object.errByPath (https://example.cypress.io/__cypress/runner/cypress_runner.js:78368:10)\n    at $Cypress.failCypressEnvWithWarning [as env] (https://example.cypress.io/__cypress/runner/cypress_runner.js:41589:81)\n    at Context.eval (webpack://gestion_des_fichier/./cypress/e2e/2-advanced-examples/misc.cy.js:22:70)\n    at runnable.fn (https://example.cypress.io/__cypress/runner/cypress_runner.js:146600:19)\n    at callFn (https://example.cypress.io/__cypress/runner/cypress_runner.js:165734:21)\n    at Runnable.run (https://example.cypress.io/__cypress/runner/cypress_runner.js:165721:7)\n    at <unknown> (https://example.cypress.io/__cypress/runner/cypress_runner.js:171819:30)\n    at PassThroughHandlerContext.finallyHandler (https://example.cypress.io/__cypress/runner/cypress_runner.js:4042:23)\n    at PassThroughHandlerContext.tryCatcher (https://example.cypress.io/__cypress/runner/cypress_runner.js:1777:23)\n    at Promise._settlePromiseFromHandler (https://example.cypress.io/__cypress/runner/cypress_runner.js:1489:31)\n    at Promise._settlePromise (https://example.cypress.io/__cypress/runner/cypress_runner.js:1546:18)\n    at Promise._settlePromise0 (https://example.cypress.io/__cypress/runner/cypress_runner.js:1591:10)\n    at Promise._settlePromises (https://example.cypress.io/__cypress/runner/cypress_runner.js:1671:18)\n    at _drainQueueStep (https://example.cypress.io/__cypress/runner/cypress_runner.js:2377:12)\n    at _drainQueue (https://example.cypress.io/__cypress/runner/cypress_runner.js:2370:9)\n    at Async._drainQueues (https://example.cypress.io/__cypress/runner/cypress_runner.js:2386:5)\n    at Async.drainQueues (https://example.cypress.io/__cypress/runner/cypress_runner.js:2256:14)",
                "diff": null
              },
              "uuid": "965fd071-edb7-4832-b453-2d6b4e16956e",
              "parentUUID": "089d5f9e-7010-4607-8fb4-609e1fb4bbc9",
              "isHook": false,
              "skipped": false
            },
            {
              "title": "cy.focused() - get the DOM element that has focus",
              "fullTitle": "Misc cy.focused() - get the DOM element that has focus",
              "timedOut": null,
              "duration": 815,
              "state": "passed",
              "speed": "fast",
              "pass": true,
              "fail": false,
              "pending": false,
              "context": null,
              "code": "// https://on.cypress.io/focused\ncy.get('.misc-form').find('#name').click();\ncy.focused().should('have.id', 'name');\ncy.get('.misc-form').find('#description').click();\ncy.focused().should('have.id', 'description');",
              "err": {},
              "uuid": "3b5b04c8-07a5-4eca-a13e-37de404e1ec0",
              "parentUUID": "089d5f9e-7010-4607-8fb4-609e1fb4bbc9",
              "isHook": false,
              "skipped": false
            },
            {
              "title": "cy.wrap() - wrap an object",
              "fullTitle": "Misc cy.wrap() - wrap an object",
              "timedOut": null,
              "duration": 397,
              "state": "passed",
              "speed": "fast",
              "pass": true,
              "fail": false,
              "pending": false,
              "context": null,
              "code": "// https://on.cypress.io/wrap\ncy.wrap({\n  foo: 'bar'\n}).should('have.property', 'foo').and('include', 'bar');",
              "err": {},
              "uuid": "55e91bca-ea8b-4271-bd09-8ccb13209501",
              "parentUUID": "089d5f9e-7010-4607-8fb4-609e1fb4bbc9",
              "isHook": false,
              "skipped": false
            }
          ],
          "suites": [
            {
              "uuid": "84a9544c-794e-4dbe-9bf7-10e972a583f3",
              "title": "Cypress.Screenshot",
              "fullFile": "",
              "file": "",
              "beforeHooks": [],
              "afterHooks": [],
              "tests": [
                {
                  "title": "cy.screenshot() - take a screenshot",
                  "fullTitle": "Misc Cypress.Screenshot cy.screenshot() - take a screenshot",
                  "timedOut": null,
                  "duration": 1635,
                  "state": "passed",
                  "speed": "fast",
                  "pass": true,
                  "fail": false,
                  "pending": false,
                  "context": null,
                  "code": "// https://on.cypress.io/screenshot\ncy.screenshot('my-image');",
                  "err": {},
                  "uuid": "3e5e92b0-d55d-4d7c-bdba-59ae93b75045",
                  "parentUUID": "84a9544c-794e-4dbe-9bf7-10e972a583f3",
                  "isHook": false,
                  "skipped": false
                },
                {
                  "title": "Cypress.Screenshot.defaults() - change default config of screenshots",
                  "fullTitle": "Misc Cypress.Screenshot Cypress.Screenshot.defaults() - change default config of screenshots",
                  "timedOut": null,
                  "duration": 376,
                  "state": "passed",
                  "speed": "fast",
                  "pass": true,
                  "fail": false,
                  "pending": false,
                  "context": null,
                  "code": "Cypress.Screenshot.defaults({\n  blackout: ['.foo'],\n  capture: 'viewport',\n  clip: {\n    x: 0,\n    y: 0,\n    width: 200,\n    height: 200\n  },\n  scale: false,\n  disableTimersAndAnimations: true,\n  screenshotOnRunFailure: true,\n  onBeforeScreenshot() {},\n  onAfterScreenshot() {}\n});",
                  "err": {},
                  "uuid": "e3affa60-87db-428a-9900-6f94cc3d31eb",
                  "parentUUID": "84a9544c-794e-4dbe-9bf7-10e972a583f3",
                  "isHook": false,
                  "skipped": false
                }
              ],
              "suites": [],
              "passes": [
                "3e5e92b0-d55d-4d7c-bdba-59ae93b75045",
                "e3affa60-87db-428a-9900-6f94cc3d31eb"
              ],
              "failures": [],
              "pending": [],
              "skipped": [],
              "duration": 2011,
              "root": false,
              "rootEmpty": false,
              "_timeout": 2000
            }
          ],
          "passes": [
            "3b5b04c8-07a5-4eca-a13e-37de404e1ec0",
            "55e91bca-ea8b-4271-bd09-8ccb13209501"
          ],
          "failures": [
            "965fd071-edb7-4832-b453-2d6b4e16956e"
          ],
          "pending": [],
          "skipped": [],
          "duration": 2782,
          "root": false,
          "rootEmpty": false,
          "_timeout": 2000
        }
      ],
      "passes": [],
      "failures": [],
      "pending": [],
      "skipped": [],
      "duration": 0,
      "root": true,
      "rootEmpty": true,
      "_timeout": 2000
    }
  ],
  "meta": {
    "mocha": {
      "version": "7.2.0"
    },
    "mochawesome": {
      "options": {
        "quiet": false,
        "reportFilename": "mochawesome",
        "saveHtml": false,
        "saveJson": true,
        "consoleReporter": "spec",
        "useInlineDiffs": false,
        "code": true
      },
      "version": "7.1.4"
    },
    "marge": {
      "options": {
        "reportDir": "cypress/reports",
        "overwrite": false,
        "html": false,
        "json": true
      },
      "version": "6.3.2"
    }
  }
}