{
  "stats": {
    "suites": 1,
    "tests": 4,
    "passes": 4,
    "pending": 0,
    "failures": 0,
    "start": "2026-02-24T11:39:11.911Z",
    "end": "2026-02-24T11:39:27.391Z",
    "duration": 15480,
    "testsRegistered": 4,
    "passPercent": 100,
    "pendingPercent": 0,
    "other": 0,
    "hasOther": false,
    "skipped": 0,
    "hasSkipped": false
  },
  "results": [
    {
      "uuid": "d427c0c6-f47e-4906-96ee-8a1fccce1c5c",
      "title": "",
      "fullFile": "cypress\\e2e\\app-navigation.cy.js",
      "file": "cypress\\e2e\\app-navigation.cy.js",
      "beforeHooks": [],
      "afterHooks": [],
      "tests": [],
      "suites": [
        {
          "uuid": "3122a29b-8b3d-431f-9a3b-cd4960881d19",
          "title": "App navigation and actions",
          "fullFile": "",
          "file": "",
          "beforeHooks": [],
          "afterHooks": [],
          "tests": [
            {
              "title": "logs in through UI and redirects to dashboard",
              "fullTitle": "App navigation and actions logs in through UI and redirects to dashboard",
              "timedOut": null,
              "duration": 5606,
              "state": "passed",
              "speed": "medium",
              "pass": true,
              "fail": false,
              "pending": false,
              "context": null,
              "code": "cy.loginThroughUi();\ncy.url().should('include', '/dashboard');\ncy.window().then(win => {\n  expect(win.localStorage.getItem('authToken')).to.exist;\n  expect(win.localStorage.getItem('userInfo')).to.contain('mamadou');\n});",
              "err": {},
              "uuid": "a368fc91-71ef-4bee-ae2b-d5d46cae0566",
              "parentUUID": "3122a29b-8b3d-431f-9a3b-cd4960881d19",
              "isHook": false,
              "skipped": false
            },
            {
              "title": "navigates dashboard cards and triggers axios list pages",
              "fullTitle": "App navigation and actions navigates dashboard cards and triggers axios list pages",
              "timedOut": null,
              "duration": 5430,
              "state": "passed",
              "speed": "medium",
              "pass": true,
              "fail": false,
              "pending": false,
              "context": null,
              "code": "cy.visitAuthed('/dashboard');\ncy.contains('Admin dashboard').should('be.visible');\ncy.contains('.dashboard-home-card', 'Accounts').click();\ncy.location('pathname').should('match', /\\/dashboard\\/account$/i);\ncy.wait('@getAccounts');\ncy.get('table tbody tr').should('have.length.at.least', 1);\ncy.contains('a', 'Dashboard').click();\ncy.contains('Countries').click();\ncy.url().should('include', '/dashboard/locations/countries');\ncy.wait('@getCountries');\ncy.get('table tbody tr').should('have.length.at.least', 1);\ncy.contains('a', 'Dashboard').click();\ncy.contains('Disk usage').click();\ncy.url().should('include', '/dashboard/storage');\ncy.wait('@getDashboardStorage');\ncy.wait('@getTypeSizes');\ncy.contains('Storage').should('be.visible');",
              "err": {},
              "uuid": "23190183-873b-4670-b508-da728c5669b6",
              "parentUUID": "3122a29b-8b3d-431f-9a3b-cd4960881d19",
              "isHook": false,
              "skipped": false
            },
            {
              "title": "opens reporting and validates axios reporting requests",
              "fullTitle": "App navigation and actions opens reporting and validates axios reporting requests",
              "timedOut": null,
              "duration": 1800,
              "state": "passed",
              "speed": "fast",
              "pass": true,
              "fail": false,
              "pending": false,
              "context": null,
              "code": "cy.visitAuthed('/dashboard/reporting');\ncy.wait('@getReportingSummary');\ncy.wait('@getDocumentTypes');\ncy.wait('@getFileStatuses');\ncy.contains('Reporting').should('be.visible');\ncy.contains('Document Volume by Type').should('be.visible');\ncy.contains('File Status').should('be.visible');",
              "err": {},
              "uuid": "09299cbb-2299-45de-b24c-473c6a9c7dca",
              "parentUUID": "3122a29b-8b3d-431f-9a3b-cd4960881d19",
              "isHook": false,
              "skipped": false
            },
            {
              "title": "navigates top bar pages and opens key buttons/actions",
              "fullTitle": "App navigation and actions navigates top bar pages and opens key buttons/actions",
              "timedOut": null,
              "duration": 1982,
              "state": "passed",
              "speed": "fast",
              "pass": true,
              "fail": false,
              "pending": false,
              "context": null,
              "code": "cy.visitAuthed('/dashboard/Account');\ncy.wait('@getAccounts');\ncy.get('button').contains(/Add|Ajouter/i).should('be.visible');\ncy.get('table tbody tr').first().find('button').first().click({\n  force: true\n});\ncy.get('.modal').should('be.visible');\ncy.get('.modal .btn-close').click({\n  force: true\n});\ncy.contains('a', 'Users').click();\ncy.url().should('include', '/dashboard/users');\ncy.contains('a', 'Reporting').click();\ncy.url().should('include', '/dashboard/reporting');",
              "err": {},
              "uuid": "291daf3d-3b36-4493-883f-13539a7c7524",
              "parentUUID": "3122a29b-8b3d-431f-9a3b-cd4960881d19",
              "isHook": false,
              "skipped": false
            }
          ],
          "suites": [],
          "passes": [
            "a368fc91-71ef-4bee-ae2b-d5d46cae0566",
            "23190183-873b-4670-b508-da728c5669b6",
            "09299cbb-2299-45de-b24c-473c6a9c7dca",
            "291daf3d-3b36-4493-883f-13539a7c7524"
          ],
          "failures": [],
          "pending": [],
          "skipped": [],
          "duration": 14818,
          "root": false,
          "rootEmpty": false,
          "_timeout": 2000
        }
      ],
      "passes": [],
      "failures": [],
      "pending": [],
      "skipped": [],
      "duration": 0,
      "root": true,
      "rootEmpty": true,
      "_timeout": 2000
    }
  ],
  "meta": {
    "mocha": {
      "version": "7.2.0"
    },
    "mochawesome": {
      "options": {
        "quiet": false,
        "reportFilename": "mochawesome",
        "saveHtml": false,
        "saveJson": true,
        "consoleReporter": "spec",
        "useInlineDiffs": false,
        "code": true
      },
      "version": "7.1.4"
    },
    "marge": {
      "options": {
        "reportDir": "cypress/reports",
        "overwrite": false,
        "html": false,
        "json": true
      },
      "version": "6.3.2"
    }
  }
}