{
  "stats": {
    "suites": 1,
    "tests": 1,
    "passes": 1,
    "pending": 0,
    "failures": 0,
    "start": "2026-02-24T11:39:38.666Z",
    "end": "2026-02-24T11:40:38.146Z",
    "duration": 59480,
    "testsRegistered": 1,
    "passPercent": 100,
    "pendingPercent": 0,
    "other": 0,
    "hasOther": false,
    "skipped": 0,
    "hasSkipped": false
  },
  "results": [
    {
      "uuid": "dfedb5fa-1448-49ff-ac88-34cf2d25a8c3",
      "title": "",
      "fullFile": "cypress\\e2e\\sidebar-links.cy.js",
      "file": "cypress\\e2e\\sidebar-links.cy.js",
      "beforeHooks": [],
      "afterHooks": [],
      "tests": [],
      "suites": [
        {
          "uuid": "d573f665-e00e-417c-b9cd-b021a1415691",
          "title": "Sidebar links coverage (route + axios retrieval)",
          "fullFile": "",
          "file": "",
          "beforeHooks": [],
          "afterHooks": [],
          "tests": [
            {
              "title": "visits each sidebar linked page and verifies expected axios calls",
              "fullTitle": "Sidebar links coverage (route + axios retrieval) visits each sidebar linked page and verifies expected axios calls",
              "timedOut": null,
              "duration": 59114,
              "state": "passed",
              "speed": "slow",
              "pass": true,
              "fail": false,
              "pending": false,
              "context": null,
              "code": "sidebarRouteChecks.forEach(({\n  path,\n  aliases\n}) => {\n  cy.visitAuthed(path);\n  cy.location('pathname').should('eq', path);\n  aliases.forEach(alias => {\n    cy.wait(alias);\n  });\n});",
              "err": {},
              "uuid": "bb36c796-f120-46ce-b7a1-5ddb5db5a5e0",
              "parentUUID": "d573f665-e00e-417c-b9cd-b021a1415691",
              "isHook": false,
              "skipped": false
            }
          ],
          "suites": [],
          "passes": [
            "bb36c796-f120-46ce-b7a1-5ddb5db5a5e0"
          ],
          "failures": [],
          "pending": [],
          "skipped": [],
          "duration": 59114,
          "root": false,
          "rootEmpty": false,
          "_timeout": 2000
        }
      ],
      "passes": [],
      "failures": [],
      "pending": [],
      "skipped": [],
      "duration": 0,
      "root": true,
      "rootEmpty": true,
      "_timeout": 2000
    }
  ],
  "meta": {
    "mocha": {
      "version": "7.2.0"
    },
    "mochawesome": {
      "options": {
        "quiet": false,
        "reportFilename": "mochawesome",
        "saveHtml": false,
        "saveJson": true,
        "consoleReporter": "spec",
        "useInlineDiffs": false,
        "code": true
      },
      "version": "7.1.4"
    },
    "marge": {
      "options": {
        "reportDir": "cypress/reports",
        "overwrite": false,
        "html": false,
        "json": true
      },
      "version": "6.3.2"
    }
  }
}