{
  "stats": {
    "suites": 1,
    "tests": 2,
    "passes": 2,
    "pending": 0,
    "failures": 0,
    "start": "2026-02-24T11:39:30.359Z",
    "end": "2026-02-24T11:39:35.377Z",
    "duration": 5018,
    "testsRegistered": 2,
    "passPercent": 100,
    "pendingPercent": 0,
    "other": 0,
    "hasOther": false,
    "skipped": 0,
    "hasSkipped": false
  },
  "results": [
    {
      "uuid": "ff4f2a90-ded8-4601-9384-dc5dfe548e79",
      "title": "",
      "fullFile": "cypress\\e2e\\home.cy.js",
      "file": "cypress\\e2e\\home.cy.js",
      "beforeHooks": [],
      "afterHooks": [],
      "tests": [],
      "suites": [
        {
          "uuid": "96f6a9b3-8721-4293-8834-0c52d85caa08",
          "title": "Home page",
          "fullFile": "",
          "file": "",
          "beforeHooks": [],
          "afterHooks": [],
          "tests": [
            {
              "title": "loads login page",
              "fullTitle": "Home page loads login page",
              "timedOut": null,
              "duration": 3079,
              "state": "passed",
              "speed": "fast",
              "pass": true,
              "fail": false,
              "pending": false,
              "context": null,
              "code": "cy.visit('/login');\ncy.get('input[name=\"username\"]').should('be.visible');\ncy.get('input[name=\"password\"]').should('be.visible');\ncy.get('button[type=\"submit\"]').should('be.visible');",
              "err": {},
              "uuid": "2f1dc8e1-1b20-4e2b-9179-54297fd985d4",
              "parentUUID": "96f6a9b3-8721-4293-8834-0c52d85caa08",
              "isHook": false,
              "skipped": false
            },
            {
              "title": "loads dashboard when authenticated",
              "fullTitle": "Home page loads dashboard when authenticated",
              "timedOut": null,
              "duration": 1836,
              "state": "passed",
              "speed": "fast",
              "pass": true,
              "fail": false,
              "pending": false,
              "context": null,
              "code": "cy.visitAuthed('/dashboard');\ncy.contains('Admin dashboard').should('be.visible');\ncy.contains('a', 'Dashboard').should('be.visible');",
              "err": {},
              "uuid": "34f2f3d7-7cf9-4e70-a94f-2a6a492fd7cc",
              "parentUUID": "96f6a9b3-8721-4293-8834-0c52d85caa08",
              "isHook": false,
              "skipped": false
            }
          ],
          "suites": [],
          "passes": [
            "2f1dc8e1-1b20-4e2b-9179-54297fd985d4",
            "34f2f3d7-7cf9-4e70-a94f-2a6a492fd7cc"
          ],
          "failures": [],
          "pending": [],
          "skipped": [],
          "duration": 4915,
          "root": false,
          "rootEmpty": false,
          "_timeout": 2000
        }
      ],
      "passes": [],
      "failures": [],
      "pending": [],
      "skipped": [],
      "duration": 0,
      "root": true,
      "rootEmpty": true,
      "_timeout": 2000
    }
  ],
  "meta": {
    "mocha": {
      "version": "7.2.0"
    },
    "mochawesome": {
      "options": {
        "quiet": false,
        "reportFilename": "mochawesome",
        "saveHtml": false,
        "saveJson": true,
        "consoleReporter": "spec",
        "useInlineDiffs": false,
        "code": true
      },
      "version": "7.1.4"
    },
    "marge": {
      "options": {
        "reportDir": "cypress/reports",
        "overwrite": false,
        "html": false,
        "json": true
      },
      "version": "6.3.2"
    }
  }
}